2024-10-24 14:47:10,496 INFO o.h.v.i.u.Version [background-preinit] HV000001: Hibernate Validator 8.0.1.Final
2024-10-24 14:47:10,520 INFO e.s.c.ConfigServiceApplication [main] Starting ConfigServiceApplication using Java 21.0.4 with PID 30900 (/home/user/IdeaProjects/config-server/target/classes started by user in /home/user/IdeaProjects/config-server)
2024-10-24 14:47:10,521 INFO e.s.c.ConfigServiceApplication [main] The following 1 profile is active: "native"
2024-10-24 14:47:10,974 INFO o.s.c.c.s.GenericScope [main] BeanFactory id=876f41ef-544a-39bc-9554-dc71a680790a
2024-10-24 14:47:11,113 INFO o.s.b.w.e.t.TomcatWebServer [main] Tomcat initialized with port 8888 (http)
2024-10-24 14:47:11,120 INFO o.a.c.h.Http11NioProtocol [main] Initializing ProtocolHandler ["http-nio-8888"]
2024-10-24 14:47:11,122 INFO o.a.c.c.StandardService [main] Starting service [Tomcat]
2024-10-24 14:47:11,123 INFO o.a.c.c.StandardEngine [main] Starting Servlet engine: [Apache Tomcat/10.1.30]
2024-10-24 14:47:11,149 INFO o.a.c.c.C.[.[.[/] [main] Initializing Spring embedded WebApplicationContext
2024-10-24 14:47:11,149 INFO o.s.b.w.s.c.ServletWebServerApplicationContext [main] Root WebApplicationContext: initialization completed in 609 ms
2024-10-24 14:47:11,478 INFO o.a.c.h.Http11NioProtocol [main] Starting ProtocolHandler ["http-nio-8888"]
2024-10-24 14:47:11,485 INFO o.s.b.w.e.t.TomcatWebServer [main] Tomcat started on port 8888 (http) with context path '/'
2024-10-24 14:47:11,495 INFO e.s.c.ConfigServiceApplication [main] Started ConfigServiceApplication in 1.27 seconds (process running for 1.449)
2024-10-24 14:50:46,726 INFO o.a.c.c.C.[.[.[/] [http-nio-8888-exec-1] Initializing Spring DispatcherServlet 'dispatcherServlet'
2024-10-24 14:50:46,726 INFO o.s.w.s.DispatcherServlet [http-nio-8888-exec-1] Initializing Servlet 'dispatcherServlet'
2024-10-24 14:50:46,727 INFO o.s.w.s.DispatcherServlet [http-nio-8888-exec-1] Completed initialization in 1 ms
2024-10-24 14:50:46,750 INFO o.s.c.c.s.e.NativeEnvironmentRepository [http-nio-8888-exec-1] Adding property source: Config resource 'file [/home/user/IdeaProjects/2024/config/authorization/application.yml]' via location 'file:///home/user/IdeaProjects/2024/config/authorization/'
2024-10-24 14:50:47,220 INFO o.s.c.c.s.e.NativeEnvironmentRepository [http-nio-8888-exec-2] Adding property source: Config resource 'file [/home/user/IdeaProjects/2024/config/authorization/application.yml]' via location 'file:///home/user/IdeaProjects/2024/config/authorization/'
2024-10-24 14:50:47,287 INFO o.s.c.c.s.e.NativeEnvironmentRepository [http-nio-8888-exec-3] Adding property source: Config resource 'file [/home/user/IdeaProjects/2024/config/authorization/application.yml]' via location 'file:///home/user/IdeaProjects/2024/config/authorization/'
2024-10-24 14:52:01,998 INFO o.s.c.c.s.e.NativeEnvironmentRepository [http-nio-8888-exec-5] Adding property source: Config resource 'file [/home/user/IdeaProjects/2024/config/authorization/application.yml]' via location 'file:///home/user/IdeaProjects/2024/config/authorization/'
2024-10-24 14:52:02,417 INFO o.s.c.c.s.e.NativeEnvironmentRepository [http-nio-8888-exec-6] Adding property source: Config resource 'file [/home/user/IdeaProjects/2024/config/authorization/application.yml]' via location 'file:///home/user/IdeaProjects/2024/config/authorization/'
2024-10-24 14:52:02,478 INFO o.s.c.c.s.e.NativeEnvironmentRepository [http-nio-8888-exec-7] Adding property source: Config resource 'file [/home/user/IdeaProjects/2024/config/authorization/application.yml]' via location 'file:///home/user/IdeaProjects/2024/config/authorization/'
2024-10-24 14:52:32,485 INFO o.s.c.c.s.e.NativeEnvironmentRepository [http-nio-8888-exec-9] Adding property source: Config resource 'file [/home/user/IdeaProjects/2024/config/authorization/application.yml]' via location 'file:///home/user/IdeaProjects/2024/config/authorization/'
2024-10-24 14:52:32,899 INFO o.s.c.c.s.e.NativeEnvironmentRepository [http-nio-8888-exec-10] Adding property source: Config resource 'file [/home/user/IdeaProjects/2024/config/authorization/application.yml]' via location 'file:///home/user/IdeaProjects/2024/config/authorization/'
2024-10-24 14:52:32,954 INFO o.s.c.c.s.e.NativeEnvironmentRepository [http-nio-8888-exec-1] Adding property source: Config resource 'file [/home/user/IdeaProjects/2024/config/authorization/application.yml]' via location 'file:///home/user/IdeaProjects/2024/config/authorization/'
2024-10-24 14:54:36,819 INFO o.s.c.c.s.e.NativeEnvironmentRepository [http-nio-8888-exec-3] Adding property source: Config resource 'file [/home/user/IdeaProjects/2024/config/authorization/application.yml]' via location 'file:///home/user/IdeaProjects/2024/config/authorization/'
2024-10-24 14:54:37,219 INFO o.s.c.c.s.e.NativeEnvironmentRepository [http-nio-8888-exec-4] Adding property source: Config resource 'file [/home/user/IdeaProjects/2024/config/authorization/application.yml]' via location 'file:///home/user/IdeaProjects/2024/config/authorization/'
2024-10-24 14:54:37,278 INFO o.s.c.c.s.e.NativeEnvironmentRepository [http-nio-8888-exec-5] Adding property source: Config resource 'file [/home/user/IdeaProjects/2024/config/authorization/application.yml]' via location 'file:///home/user/IdeaProjects/2024/config/authorization/'
2024-10-24 14:55:53,429 INFO o.s.c.c.s.e.NativeEnvironmentRepository [http-nio-8888-exec-7] Adding property source: Config resource 'file [/home/user/IdeaProjects/2024/config/authorization/application.yml]' via location 'file:///home/user/IdeaProjects/2024/config/authorization/'
2024-10-24 14:55:53,838 INFO o.s.c.c.s.e.NativeEnvironmentRepository [http-nio-8888-exec-8] Adding property source: Config resource 'file [/home/user/IdeaProjects/2024/config/authorization/application.yml]' via location 'file:///home/user/IdeaProjects/2024/config/authorization/'
2024-10-24 14:55:53,898 INFO o.s.c.c.s.e.NativeEnvironmentRepository [http-nio-8888-exec-9] Adding property source: Config resource 'file [/home/user/IdeaProjects/2024/config/authorization/application.yml]' via location 'file:///home/user/IdeaProjects/2024/config/authorization/'
2024-10-24 15:11:41,562 INFO o.s.c.c.s.e.NativeEnvironmentRepository [http-nio-8888-exec-1] Adding property source: Config resource 'file [/home/user/IdeaProjects/2024/config/card/application.yml]' via location 'file:///home/user/IdeaProjects/2024/config/card/'
2024-10-24 15:11:41,984 INFO o.s.c.c.s.e.NativeEnvironmentRepository [http-nio-8888-exec-2] Adding property source: Config resource 'file [/home/user/IdeaProjects/2024/config/card/application.yml]' via location 'file:///home/user/IdeaProjects/2024/config/card/'
2024-10-24 15:11:42,040 INFO o.s.c.c.s.e.NativeEnvironmentRepository [http-nio-8888-exec-3] Adding property source: Config resource 'file [/home/user/IdeaProjects/2024/config/card/application.yml]' via location 'file:///home/user/IdeaProjects/2024/config/card/'
2024-10-24 15:13:29,516 INFO o.s.c.c.s.e.NativeEnvironmentRepository [http-nio-8888-exec-5] Adding property source: Config resource 'file [/home/user/IdeaProjects/2024/config/card/application.yml]' via location 'file:///home/user/IdeaProjects/2024/config/card/'
2024-10-24 15:13:29,953 INFO o.s.c.c.s.e.NativeEnvironmentRepository [http-nio-8888-exec-6] Adding property source: Config resource 'file [/home/user/IdeaProjects/2024/config/card/application.yml]' via location 'file:///home/user/IdeaProjects/2024/config/card/'
2024-10-24 15:13:30,018 INFO o.s.c.c.s.e.NativeEnvironmentRepository [http-nio-8888-exec-7] Adding property source: Config resource 'file [/home/user/IdeaProjects/2024/config/card/application.yml]' via location 'file:///home/user/IdeaProjects/2024/config/card/'
2024-10-24 15:17:30,574 INFO o.s.c.c.s.e.NativeEnvironmentRepository [http-nio-8888-exec-9] Adding property source: Config resource 'file [/home/user/IdeaProjects/2024/config/card/application.yml]' via location 'file:///home/user/IdeaProjects/2024/config/card/'
2024-10-24 15:17:30,976 INFO o.s.c.c.s.e.NativeEnvironmentRepository [http-nio-8888-exec-10] Adding property source: Config resource 'file [/home/user/IdeaProjects/2024/config/card/application.yml]' via location 'file:///home/user/IdeaProjects/2024/config/card/'
2024-10-24 15:17:31,031 INFO o.s.c.c.s.e.NativeEnvironmentRepository [http-nio-8888-exec-1] Adding property source: Config resource 'file [/home/user/IdeaProjects/2024/config/card/application.yml]' via location 'file:///home/user/IdeaProjects/2024/config/card/'
2024-10-24 15:20:01,690 INFO o.s.c.c.s.e.NativeEnvironmentRepository [http-nio-8888-exec-3] Adding property source: Config resource 'file [/home/user/IdeaProjects/2024/config/authorization/application.yml]' via location 'file:///home/user/IdeaProjects/2024/config/authorization/'
2024-10-24 15:20:02,088 INFO o.s.c.c.s.e.NativeEnvironmentRepository [http-nio-8888-exec-4] Adding property source: Config resource 'file [/home/user/IdeaProjects/2024/config/authorization/application.yml]' via location 'file:///home/user/IdeaProjects/2024/config/authorization/'
2024-10-24 15:20:02,151 INFO o.s.c.c.s.e.NativeEnvironmentRepository [http-nio-8888-exec-5] Adding property source: Config resource 'file [/home/user/IdeaProjects/2024/config/authorization/application.yml]' via location 'file:///home/user/IdeaProjects/2024/config/authorization/'
2024-10-24 15:22:13,391 INFO o.s.c.c.s.e.NativeEnvironmentRepository [http-nio-8888-exec-7] Adding property source: Config resource 'file [/home/user/IdeaProjects/2024/config/card/application.yml]' via location 'file:///home/user/IdeaProjects/2024/config/card/'
2024-10-24 15:22:13,851 INFO o.s.c.c.s.e.NativeEnvironmentRepository [http-nio-8888-exec-8] Adding property source: Config resource 'file [/home/user/IdeaProjects/2024/config/card/application.yml]' via location 'file:///home/user/IdeaProjects/2024/config/card/'
2024-10-24 15:22:13,911 INFO o.s.c.c.s.e.NativeEnvironmentRepository [http-nio-8888-exec-9] Adding property source: Config resource 'file [/home/user/IdeaProjects/2024/config/card/application.yml]' via location 'file:///home/user/IdeaProjects/2024/config/card/'
2024-10-24 15:24:57,303 INFO o.s.c.c.s.e.NativeEnvironmentRepository [http-nio-8888-exec-1] Adding property source: Config resource 'file [/home/user/IdeaProjects/2024/config/card/application.yml]' via location 'file:///home/user/IdeaProjects/2024/config/card/'
2024-10-24 15:24:57,722 INFO o.s.c.c.s.e.NativeEnvironmentRepository [http-nio-8888-exec-2] Adding property source: Config resource 'file [/home/user/IdeaProjects/2024/config/card/application.yml]' via location 'file:///home/user/IdeaProjects/2024/config/card/'
2024-10-24 15:24:57,771 INFO o.s.c.c.s.e.NativeEnvironmentRepository [http-nio-8888-exec-3] Adding property source: Config resource 'file [/home/user/IdeaProjects/2024/config/card/application.yml]' via location 'file:///home/user/IdeaProjects/2024/config/card/'
2024-10-24 15:25:19,250 INFO o.s.c.c.s.e.NativeEnvironmentRepository [http-nio-8888-exec-5] Adding property source: Config resource 'file [/home/user/IdeaProjects/2024/config/card/application.yml]' via location 'file:///home/user/IdeaProjects/2024/config/card/'
2024-10-24 15:25:19,649 INFO o.s.c.c.s.e.NativeEnvironmentRepository [http-nio-8888-exec-6] Adding property source: Config resource 'file [/home/user/IdeaProjects/2024/config/card/application.yml]' via location 'file:///home/user/IdeaProjects/2024/config/card/'
2024-10-24 15:25:19,698 INFO o.s.c.c.s.e.NativeEnvironmentRepository [http-nio-8888-exec-7] Adding property source: Config resource 'file [/home/user/IdeaProjects/2024/config/card/application.yml]' via location 'file:///home/user/IdeaProjects/2024/config/card/'
2024-10-24 15:25:37,165 INFO o.s.c.c.s.e.NativeEnvironmentRepository [http-nio-8888-exec-9] Adding property source: Config resource 'file [/home/user/IdeaProjects/2024/config/card/application.yml]' via location 'file:///home/user/IdeaProjects/2024/config/card/'
2024-10-24 15:25:37,562 INFO o.s.c.c.s.e.NativeEnvironmentRepository [http-nio-8888-exec-10] Adding property source: Config resource 'file [/home/user/IdeaProjects/2024/config/card/application.yml]' via location 'file:///home/user/IdeaProjects/2024/config/card/'
2024-10-24 15:25:37,621 INFO o.s.c.c.s.e.NativeEnvironmentRepository [http-nio-8888-exec-1] Adding property source: Config resource 'file [/home/user/IdeaProjects/2024/config/card/application.yml]' via location 'file:///home/user/IdeaProjects/2024/config/card/'
2024-10-24 15:25:52,087 INFO o.s.c.c.s.e.NativeEnvironmentRepository [http-nio-8888-exec-3] Adding property source: Config resource 'file [/home/user/IdeaProjects/2024/config/card/application.yml]' via location 'file:///home/user/IdeaProjects/2024/config/card/'
2024-10-24 15:25:52,524 INFO o.s.c.c.s.e.NativeEnvironmentRepository [http-nio-8888-exec-4] Adding property source: Config resource 'file [/home/user/IdeaProjects/2024/config/card/application.yml]' via location 'file:///home/user/IdeaProjects/2024/config/card/'
2024-10-24 15:25:52,582 INFO o.s.c.c.s.e.NativeEnvironmentRepository [http-nio-8888-exec-5] Adding property source: Config resource 'file [/home/user/IdeaProjects/2024/config/card/application.yml]' via location 'file:///home/user/IdeaProjects/2024/config/card/'
2024-10-24 15:26:08,120 INFO o.s.c.c.s.e.NativeEnvironmentRepository [http-nio-8888-exec-7] Adding property source: Config resource 'file [/home/user/IdeaProjects/2024/config/card/application.yml]' via location 'file:///home/user/IdeaProjects/2024/config/card/'
2024-10-24 15:26:08,580 INFO o.s.c.c.s.e.NativeEnvironmentRepository [http-nio-8888-exec-8] Adding property source: Config resource 'file [/home/user/IdeaProjects/2024/config/card/application.yml]' via location 'file:///home/user/IdeaProjects/2024/config/card/'
2024-10-24 15:26:08,634 INFO o.s.c.c.s.e.NativeEnvironmentRepository [http-nio-8888-exec-9] Adding property source: Config resource 'file [/home/user/IdeaProjects/2024/config/card/application.yml]' via location 'file:///home/user/IdeaProjects/2024/config/card/'
2024-10-24 15:26:17,795 INFO o.s.c.c.s.e.NativeEnvironmentRepository [http-nio-8888-exec-1] Adding property source: Config resource 'file [/home/user/IdeaProjects/2024/config/card/application.yml]' via location 'file:///home/user/IdeaProjects/2024/config/card/'
2024-10-24 15:26:18,193 INFO o.s.c.c.s.e.NativeEnvironmentRepository [http-nio-8888-exec-2] Adding property source: Config resource 'file [/home/user/IdeaProjects/2024/config/card/application.yml]' via location 'file:///home/user/IdeaProjects/2024/config/card/'
2024-10-24 15:26:18,247 INFO o.s.c.c.s.e.NativeEnvironmentRepository [http-nio-8888-exec-3] Adding property source: Config resource 'file [/home/user/IdeaProjects/2024/config/card/application.yml]' via location 'file:///home/user/IdeaProjects/2024/config/card/'
2024-10-24 15:27:08,744 INFO o.s.c.c.s.e.NativeEnvironmentRepository [http-nio-8888-exec-5] Adding property source: Config resource 'file [/home/user/IdeaProjects/2024/config/card/application.yml]' via location 'file:///home/user/IdeaProjects/2024/config/card/'
2024-10-24 15:27:09,163 INFO o.s.c.c.s.e.NativeEnvironmentRepository [http-nio-8888-exec-6] Adding property source: Config resource 'file [/home/user/IdeaProjects/2024/config/card/application.yml]' via location 'file:///home/user/IdeaProjects/2024/config/card/'
2024-10-24 15:27:09,219 INFO o.s.c.c.s.e.NativeEnvironmentRepository [http-nio-8888-exec-7] Adding property source: Config resource 'file [/home/user/IdeaProjects/2024/config/card/application.yml]' via location 'file:///home/user/IdeaProjects/2024/config/card/'
2024-10-24 15:27:55,645 INFO o.s.c.c.s.e.NativeEnvironmentRepository [http-nio-8888-exec-9] Adding property source: Config resource 'file [/home/user/IdeaProjects/2024/config/card/application.yml]' via location 'file:///home/user/IdeaProjects/2024/config/card/'
2024-10-24 15:27:56,033 INFO o.s.c.c.s.e.NativeEnvironmentRepository [http-nio-8888-exec-10] Adding property source: Config resource 'file [/home/user/IdeaProjects/2024/config/card/application.yml]' via location 'file:///home/user/IdeaProjects/2024/config/card/'
2024-10-24 15:27:56,086 INFO o.s.c.c.s.e.NativeEnvironmentRepository [http-nio-8888-exec-1] Adding property source: Config resource 'file [/home/user/IdeaProjects/2024/config/card/application.yml]' via location 'file:///home/user/IdeaProjects/2024/config/card/'
2024-10-24 15:28:28,521 INFO o.s.c.c.s.e.NativeEnvironmentRepository [http-nio-8888-exec-3] Adding property source: Config resource 'file [/home/user/IdeaProjects/2024/config/card/application.yml]' via location 'file:///home/user/IdeaProjects/2024/config/card/'
2024-10-24 15:28:28,921 INFO o.s.c.c.s.e.NativeEnvironmentRepository [http-nio-8888-exec-4] Adding property source: Config resource 'file [/home/user/IdeaProjects/2024/config/card/application.yml]' via location 'file:///home/user/IdeaProjects/2024/config/card/'
2024-10-24 15:28:28,980 INFO o.s.c.c.s.e.NativeEnvironmentRepository [http-nio-8888-exec-5] Adding property source: Config resource 'file [/home/user/IdeaProjects/2024/config/card/application.yml]' via location 'file:///home/user/IdeaProjects/2024/config/card/'
2024-10-24 15:28:45,435 INFO o.s.c.c.s.e.NativeEnvironmentRepository [http-nio-8888-exec-7] Adding property source: Config resource 'file [/home/user/IdeaProjects/2024/config/card/application.yml]' via location 'file:///home/user/IdeaProjects/2024/config/card/'
2024-10-24 15:28:45,830 INFO o.s.c.c.s.e.NativeEnvironmentRepository [http-nio-8888-exec-8] Adding property source: Config resource 'file [/home/user/IdeaProjects/2024/config/card/application.yml]' via location 'file:///home/user/IdeaProjects/2024/config/card/'
2024-10-24 15:28:45,883 INFO o.s.c.c.s.e.NativeEnvironmentRepository [http-nio-8888-exec-9] Adding property source: Config resource 'file [/home/user/IdeaProjects/2024/config/card/application.yml]' via location 'file:///home/user/IdeaProjects/2024/config/card/'
2024-10-24 15:29:28,366 INFO o.s.c.c.s.e.NativeEnvironmentRepository [http-nio-8888-exec-1] Adding property source: Config resource 'file [/home/user/IdeaProjects/2024/config/card/application.yml]' via location 'file:///home/user/IdeaProjects/2024/config/card/'
2024-10-24 15:29:28,763 INFO o.s.c.c.s.e.NativeEnvironmentRepository [http-nio-8888-exec-2] Adding property source: Config resource 'file [/home/user/IdeaProjects/2024/config/card/application.yml]' via location 'file:///home/user/IdeaProjects/2024/config/card/'
2024-10-24 15:29:28,811 INFO o.s.c.c.s.e.NativeEnvironmentRepository [http-nio-8888-exec-3] Adding property source: Config resource 'file [/home/user/IdeaProjects/2024/config/card/application.yml]' via location 'file:///home/user/IdeaProjects/2024/config/card/'
